"../../../../../UEPROJECTS/Chaos_2/Content/Isometric-Interiors/Textures/Texture_Atlas.uasset" 0
"../../../../../UEPROJECTS/Chaos_2/Content/Isometric-Interiors/Materials/M_Texture_Atlas.uasset" 1
"../../../../../UEPROJECTS/Chaos_2/Content/Isometric-Interiors/Meshes/SM_Cupboard_1_3.uasset" 2
"../../../Engine/Content/EngineMaterials/T_Default_Material_Grid_N.uasset" 3
"../../../Engine/Content/EngineMaterials/T_Default_Material_Grid_M.uasset" 4
"../../../Engine/Content/Functions/Engine_MaterialFunctions01/Opacity/CameraDepthFade.uasset" 5
"../../../Engine/Content/EngineMaterials/WorldGridMaterial.uasset" 6
"../../../../../UEPROJECTS/Chaos_2/Content/Isometric-Interiors/Meshes/SM_Cupboard_1_3_DM.uasset" 7
"../../../../../UEPROJECTS/Chaos_2/Content/Meshes/CubeMaterial.uasset" 8
"../../../../../UEPROJECTS/Chaos_2/Content/Meshes/1M_Cube.uasset" 9
"../../../../../UEPROJECTS/Chaos_2/Content/Meshes/1M_Cube_DM.uasset" 10
"../../../../../UEPROJECTS/Chaos_2/Content/FirstPersonBP/Blueprints/Widgets/PauseMenu.uasset" 11
"../../../../../UEPROJECTS/Chaos_2/Content/FirstPersonBP/Blueprints/Widgets/Goblin.uasset" 12
"../../../../../UEPROJECTS/Chaos_2/Content/FirstPersonBP/Blueprints/Widgets/MainWidget.uasset" 13
"../../../Engine/Content/EditorBlueprintResources/StandardMacros.uasset" 14
"../../../../../UEPROJECTS/Chaos_2/Content/Audios/g4.uasset" 15
"../../../../../UEPROJECTS/Chaos_2/Content/Animations/Sequence1.uasset" 16
"../../../../../UEPROJECTS/Chaos_2/Content/Animations/Sequence2.uasset" 17
"../../../../../UEPROJECTS/Chaos_2/Content/Audios/g3.uasset" 18
"../../../../../UEPROJECTS/Chaos_2/Content/FirstPersonBP/Blueprints/FirstPersonPlayerController.uasset" 19
"../../../../../UEPROJECTS/Chaos_2/Content/DestructibleBluePrints/DestructibleBP.uasset" 20
"../../../../../UEPROJECTS/Chaos_2/Content/DestructibleBluePrints/Chests/DestructibleBP_CupBoard3.uasset" 21
"../../../../../UEPROJECTS/Chaos_2/Content/Isometric-Interiors/Meshes/SM_Cupboard_1_4.uasset" 22
"../../../../../UEPROJECTS/Chaos_2/Content/Isometric-Interiors/Meshes/SM_Cupboard_1_4_DM.uasset" 23
"../../../../../UEPROJECTS/Chaos_2/Content/DestructibleBluePrints/Chests/DestructibleBP_CupBoard4.uasset" 24
"../../../../../UEPROJECTS/Chaos_2/Content/Isometric-Interiors/Meshes/SM_Cupboard_2_3.uasset" 25
"../../../../../UEPROJECTS/Chaos_2/Content/Isometric-Interiors/Meshes/SM_Cupboard_2_3_DM.uasset" 26
"../../../../../UEPROJECTS/Chaos_2/Content/DestructibleBluePrints/Chests/DestructibleBP_CupBoard7.uasset" 27
"../../../../../UEPROJECTS/Chaos_2/Content/Isometric-Interiors/Meshes/SM_Cupboard_2_4.uasset" 28
"../../../../../UEPROJECTS/Chaos_2/Content/Isometric-Interiors/Meshes/SM_Cupboard_2_4_DM.uasset" 29
"../../../../../UEPROJECTS/Chaos_2/Content/DestructibleBluePrints/Chests/DestructibleBP_CupBoard8.uasset" 30
"../../../../../UEPROJECTS/Chaos_2/Content/Isometric-Interiors/Meshes/SM_TV_1B.uasset" 31
"../../../../../UEPROJECTS/Chaos_2/Content/Isometric-Interiors/Meshes/SM_TV_1B_DM.uasset" 32
"../../../../../UEPROJECTS/Chaos_2/Content/DestructibleBluePrints/Computers/DestructibleBP_Sc4.uasset" 33
"../../../../../UEPROJECTS/Chaos_2/Content/Isometric-Interiors/Meshes/SM_Drawer_2B.uasset" 34
"../../../../../UEPROJECTS/Chaos_2/Content/Isometric-Interiors/Meshes/SM_Drawer_2B_DM.uasset" 35
"../../../../../UEPROJECTS/Chaos_2/Content/DestructibleBluePrints/Drawers/DestructibleBP_Drawer4.uasset" 36
"../../../../../UEPROJECTS/Chaos_2/Content/Isometric-Interiors/Meshes/SM_Drawer_3B.uasset" 37
"../../../../../UEPROJECTS/Chaos_2/Content/Isometric-Interiors/Meshes/SM_Drawer_3B_DM.uasset" 38
"../../../../../UEPROJECTS/Chaos_2/Content/DestructibleBluePrints/Drawers/DestructibleBP_Drawer6.uasset" 39
"../../../../../UEPROJECTS/Chaos_2/Content/Isometric-Interiors/Meshes/SM_Couch_2B.uasset" 40
"../../../../../UEPROJECTS/Chaos_2/Content/Isometric-Interiors/Meshes/SM_Couch_2B_DM.uasset" 41
"../../../../../UEPROJECTS/Chaos_2/Content/DestructibleBluePrints/Sofas/DestructibleBP_Sofa4.uasset" 42
"../../../../../UEPROJECTS/Chaos_2/Content/FirstPerson/Character/Textures/UE4_LOGO_CARD.uasset" 43
"../../../../../UEPROJECTS/Chaos_2/Content/FirstPerson/FPWeapon/Materials/MaterialLayers/ML_Plastic_Shiny_Beige_LOGO.uasset" 44
"../../../../../UEPROJECTS/Chaos_2/Content/FirstPerson/FPWeapon/Materials/MaterialLayers/T_ML_FineRubber.uasset" 45
"../../../../../UEPROJECTS/Chaos_2/Content/FirstPerson/FPWeapon/Mesh/SK_FPGun_PhysicsAsset.uasset" 46
"../../../../../UEPROJECTS/Chaos_2/Content/FirstPerson/Meshes/BaseMaterial.uasset" 47
"../../../../../UEPROJECTS/Chaos_2/Content/FirstPerson/Meshes/CubeMaterialOverride.uasset" 48
"../../../../../UEPROJECTS/Chaos_2/Content/Audios/g2.uasset" 49
"../../../../../UEPROJECTS/Chaos_2/Content/FirstPersonBP/Blueprints/Widgets/BeginWidgets.uasset" 50
"../../../../../UEPROJECTS/Chaos_2/Content/FirstPersonBP/Blueprints/BeginMapPlayerController.uasset" 51
"../../../../../UEPROJECTS/Chaos_2/Content/FirstPersonBP/Blueprints/BeginMApGameMode.uasset" 52
"../../../../../UEPROJECTS/Chaos_2/Content/Isometric-Interiors/Mirror_Cubemap/Mirror_2_Tex.uasset" 53
"../../../../../UEPROJECTS/Chaos_2/Content/Isometric-Interiors/Materials/M_Mirror_Glass_2.uasset" 54
"../../../../../UEPROJECTS/Chaos_2/Content/Isometric-Interiors/Mirror_Cubemap/Mirror_3_Tex.uasset" 55
"../../../../../UEPROJECTS/Chaos_2/Content/Isometric-Interiors/Materials/M_Mirror_Glass_3.uasset" 56
"../../../../../UEPROJECTS/Chaos_2/Content/Isometric-Interiors/Mirror_Cubemap/Mirror_4_Tex.uasset" 57
"../../../../../UEPROJECTS/Chaos_2/Content/Isometric-Interiors/Materials/M_Mirror_Glass_4.uasset" 58
"../../../../../UEPROJECTS/Chaos_2/Content/Isometric-Interiors/Mirror_Cubemap/Mirror_5_Tex.uasset" 59
"../../../../../UEPROJECTS/Chaos_2/Content/Isometric-Interiors/Materials/M_Mirror_Glass_5.uasset" 60
"../../../../../UEPROJECTS/Chaos_2/Content/Isometric-Interiors/Mirror_Cubemap/Mirror_6_Tex.uasset" 61
"../../../../../UEPROJECTS/Chaos_2/Content/Isometric-Interiors/Materials/M_Mirror_Glass_6.uasset" 62
"../../../../../UEPROJECTS/Chaos_2/Content/Isometric-Interiors/Mirror_Cubemap/Mirror_7_Tex.uasset" 63
"../../../../../UEPROJECTS/Chaos_2/Content/Isometric-Interiors/Materials/M_Mirror_Glass_7.uasset" 64
"../../../../../UEPROJECTS/Chaos_2/Content/Isometric-Interiors/Meshes/SM_Carpet_1A.uasset" 65
"../../../../../UEPROJECTS/Chaos_2/Content/Isometric-Interiors/Meshes/SM_Carpet_1C.uasset" 66
"../../../../../UEPROJECTS/Chaos_2/Content/Isometric-Interiors/Meshes/SM_Carpet_2B.uasset" 67
"../../../../../UEPROJECTS/Chaos_2/Content/Isometric-Interiors/Meshes/SM_Carpet_3A.uasset" 68
"../../../../../UEPROJECTS/Chaos_2/Content/Isometric-Interiors/Meshes/SM_Clock.uasset" 69
"../../../../../UEPROJECTS/Chaos_2/Content/Isometric-Interiors/Meshes/SM_Clock_DM.uasset" 70
"../../../../../UEPROJECTS/Chaos_2/Content/Isometric-Interiors/Meshes/SM_Cooker.uasset" 71
"../../../../../UEPROJECTS/Chaos_2/Content/Isometric-Interiors/Meshes/SM_Cup_1.uasset" 72
"../../../../../UEPROJECTS/Chaos_2/Content/Isometric-Interiors/Meshes/SM_Cup_2.uasset" 73
"../../../../../UEPROJECTS/Chaos_2/Content/Isometric-Interiors/Meshes/SM_Cup_3.uasset" 74
"../../../../../UEPROJECTS/Chaos_2/Content/Isometric-Interiors/Meshes/SM_Cup_4.uasset" 75
"../../../../../UEPROJECTS/Chaos_2/Content/Isometric-Interiors/Meshes/SM_Curtain_3.uasset" 76
"../../../../../UEPROJECTS/Chaos_2/Content/Isometric-Interiors/Meshes/SM_Door_1B.uasset" 77
"../../../../../UEPROJECTS/Chaos_2/Content/Isometric-Interiors/Meshes/SM_Door_2A.uasset" 78
"../../../../../UEPROJECTS/Chaos_2/Content/Isometric-Interiors/Meshes/SM_Door_2B.uasset" 79
"../../../../../UEPROJECTS/Chaos_2/Content/Isometric-Interiors/Meshes/SM_Drawer_4.uasset" 80
"../../../../../UEPROJECTS/Chaos_2/Content/Isometric-Interiors/Meshes/SM_Drawer_4_DM.uasset" 81
"../../../../../UEPROJECTS/Chaos_2/Content/Isometric-Interiors/Mirror_Cubemap/Mirror_1_Tex.uasset" 82
"../../../../../UEPROJECTS/Chaos_2/Content/Isometric-Interiors/Materials/M_Mirror_Glass.uasset" 83
"../../../../../UEPROJECTS/Chaos_2/Content/Isometric-Interiors/Meshes/SM_Mirror.uasset" 84
"../../../../../UEPROJECTS/Chaos_2/Content/Isometric-Interiors/Meshes/SM_Paint_1.uasset" 85
"../../../../../UEPROJECTS/Chaos_2/Content/Isometric-Interiors/Meshes/SM_Paint_10.uasset" 86
"../../../../../UEPROJECTS/Chaos_2/Content/Isometric-Interiors/Meshes/SM_Paint_11.uasset" 87
"../../../../../UEPROJECTS/Chaos_2/Content/Isometric-Interiors/Meshes/SM_Paint_12.uasset" 88
"../../../../../UEPROJECTS/Chaos_2/Content/Isometric-Interiors/Meshes/SM_Paint_13.uasset" 89
"../../../../../UEPROJECTS/Chaos_2/Content/Isometric-Interiors/Meshes/SM_Paint_14.uasset" 90
"../../../../../UEPROJECTS/Chaos_2/Content/Isometric-Interiors/Meshes/SM_Paint_3.uasset" 91
"../../../../../UEPROJECTS/Chaos_2/Content/Isometric-Interiors/Meshes/SM_Paint_4.uasset" 92
"../../../../../UEPROJECTS/Chaos_2/Content/Isometric-Interiors/Meshes/SM_Paint_5.uasset" 93
"../../../../../UEPROJECTS/Chaos_2/Content/Isometric-Interiors/Meshes/SM_Paint_6.uasset" 94
"../../../../../UEPROJECTS/Chaos_2/Content/Isometric-Interiors/Meshes/SM_Paint_8.uasset" 95
"../../../../../UEPROJECTS/Chaos_2/Content/Isometric-Interiors/Meshes/SM_Pillow_1A.uasset" 96
"../../../../../UEPROJECTS/Chaos_2/Content/Isometric-Interiors/Meshes/SM_Shelves_1B.uasset" 97
"../../../../../UEPROJECTS/Chaos_2/Content/Isometric-Interiors/Meshes/SM_Table_6A.uasset" 98
"../../../../../UEPROJECTS/Chaos_2/Content/Isometric-Interiors/Meshes/SM_Table_6B.uasset" 99
"../../../../../UEPROJECTS/Chaos_2/Content/Isometric-Interiors/Meshes/SM_Towel_Rack.uasset" 100
"../../../../../UEPROJECTS/Chaos_2/Content/Isometric-Interiors/Meshes/SM_Wall_1_10.uasset" 101
"../../../../../UEPROJECTS/Chaos_2/Content/Isometric-Interiors/Meshes/SM_Wall_1_13.uasset" 102
"../../../../../UEPROJECTS/Chaos_2/Content/Isometric-Interiors/Meshes/SM_Wall_1_7.uasset" 103
"../../../../../UEPROJECTS/Chaos_2/Content/Isometric-Interiors/Meshes/SM_Wall_1_8.uasset" 104
"../../../../../UEPROJECTS/Chaos_2/Content/Isometric-Interiors/Meshes/SM_WardRobe_1A.uasset" 105
"../../../../../UEPROJECTS/Chaos_2/Content/Isometric-Interiors/Materials/M_Window_Glass.uasset" 106
"../../../../../UEPROJECTS/Chaos_2/Content/Isometric-Interiors/Meshes/SM_Window_2B.uasset" 107
"../../../../../UEPROJECTS/Chaos_2/Content/Isometric-Interiors/Meshes/SM_Window_3A.uasset" 108
"../../../../../UEPROJECTS/Chaos_2/Content/Isometric-Interiors/Meshes/SM_Window_3B.uasset" 109
"../../../../../UEPROJECTS/Chaos_2/Content/Meshes/1M_Cube_Chamfer.uasset" 110
"../../../../../UEPROJECTS/Chaos_2/Content/Meshes/RoofTop.uasset" 111
"../../../../../UEPROJECTS/Chaos_2/Content/Meshes/RoofTop_DM.uasset" 112
"../../../../../UEPROJECTS/Chaos_2/Content/Meshes/TemplateFloor.uasset" 113
"../../../../../UEPROJECTS/Chaos_2/Content/Meshes/Wall_SM.uasset" 114
"../../../../../UEPROJECTS/Chaos_2/Content/Meshes/Wall_SM_DM.uasset" 115
"../../../Engine/Content/EngineMeshes/Humanoid.uasset" 116
"../../../../../UEPROJECTS/Chaos_2/Content/StylizedModularChar/Meshes/SMC_Skeleton.uasset" 117
"../../../../../UEPROJECTS/Chaos_2/Content/StylizedModularChar/Animations/ThirdPersonJump_End.uasset" 118
"../../../../../UEPROJECTS/Chaos_2/Content/StylizedModularChar/Animations/ThirdPersonJump_Loop.uasset" 119
"../../../../../UEPROJECTS/Chaos_2/Content/StylizedModularChar/Animations/ThirdPersonJump_Start.uasset" 120
"../../../../../UEPROJECTS/Chaos_2/Content/StylizedModularChar/Animations/ThirdPerson_Jump.uasset" 121
"../../../../../UEPROJECTS/Chaos_2/Content/StylizedModularChar/Materials/Masters/M_BG.uasset" 122
"../../../../../UEPROJECTS/Chaos_2/Content/StylizedModularChar/Materials/MI_BG.uasset" 123
"../../../../../UEPROJECTS/Chaos_2/Content/StylizedModularChar/Meshes/SM_Limbo.uasset" 124
"../../../../../UEPROJECTS/Chaos_2/Content/StylizedModularChar/Textures/T_Casual_N.uasset" 125
"../../../../../UEPROJECTS/Chaos_2/Content/StylizedModularChar/Textures/T_Casual_Mask.uasset" 126
"../../../../../UEPROJECTS/Chaos_2/Content/StylizedModularChar/Textures/T_Casual_M.uasset" 127
"../../../../../UEPROJECTS/Chaos_2/Content/StylizedModularChar/Textures/T_Casual_C.uasset" 128
"../../../../../UEPROJECTS/Chaos_2/Content/StylizedModularChar/Textures/T_BaseMask.uasset" 129
"../../../Engine/Content/EngineMaterials/FlatNormal.uasset" 130
"../../../../../UEPROJECTS/Chaos_2/Content/StylizedModularChar/Textures/T_Body_C.uasset" 131
"../../../Engine/Content/EngineMaterials/BlendFunc_DefBlend.uasset" 132
"../../../Engine/Content/EngineMaterials/BlendFunc_DefBase.uasset" 133
"../../../Engine/Content/Functions/Engine_MaterialFunctions03/Blends/Blend_Overlay.uasset" 134
"../../../../../UEPROJECTS/Chaos_2/Content/StylizedModularChar/Materials/Masters/M_MasterClothes.uasset" 135
"../../../../../UEPROJECTS/Chaos_2/Content/StylizedModularChar/Materials/MI_Casual.uasset" 136
"../../../../../UEPROJECTS/Chaos_2/Content/StylizedModularChar/Meshes/Male/SM_Casual_Accessories.uasset" 137
"../../../../../UEPROJECTS/Chaos_2/Content/StylizedModularChar/Textures/T_Aviator_RGB.uasset" 138
"../../../Engine/Content/Animation/DefaultAnimBoneCompressionSettings.uasset" 139
"../../../Engine/Content/Animation/DefaultAnimCurveCompressionSettings.uasset" 140
"../../../Engine/Content/ArtTools/RenderToTexture/Meshes/S_1_Unit_Plane.uasset" 141
"../../../Engine/Content/EngineMaterials/DefaultMaterial.uasset" 142
"../../../Engine/Content/BasicShapes/Cone.uasset" 143
"../../../Engine/Content/BasicShapes/Cube.uasset" 144
"../../../Engine/Content/BasicShapes/Plane.uasset" 145
"../../../Engine/Content/BasicShapes/Sphere.uasset" 146
"../../../Engine/Content/EditorLandscapeResources/DataLayer.uasset" 147
"../../../Engine/Content/EditorLandscapeResources/DefaultAlphaTexture.uasset" 148
"../../../Engine/Content/EditorMaterials/MAT_Groups_Toggle.uasset" 149
"../../../Engine/Content/EditorMaterials/MAT_Groups_Visibility.uasset" 150
"../../../Engine/Content/EditorMaterials/PreviewShadowIndicator.uasset" 151
"../../../Engine/Content/EditorMaterials/PreviewShadowIndicatorMaterial.uasset" 152
"../../../Engine/Content/EditorMaterials/MatineeGroups/MAT_ColorTrack.uasset" 153
"../../../Engine/Content/EditorMaterials/MatineeGroups/MAT_Groups_Anim.uasset" 154
"../../../Engine/Content/EditorMaterials/MatineeGroups/MAT_Groups_AudioMaster.uasset" 155
"../../../Engine/Content/EditorMaterials/MatineeGroups/MAT_Groups_Director.uasset" 156
"../../../Engine/Content/EditorMaterials/MatineeGroups/MAT_Groups_Event.uasset" 157
"../../../Engine/Content/EditorMaterials/MatineeGroups/MAT_Groups_Fade.uasset" 158
"../../../Engine/Content/EditorMaterials/MatineeGroups/MAT_Groups_Float.uasset" 159
"../../../Engine/Content/EditorMaterials/MatineeGroups/MAT_Groups_Move.uasset" 160
"../../../Engine/Content/EditorMaterials/MatineeGroups/MAT_Groups_Slomo.uasset" 161
"../../../Engine/Content/EditorMaterials/MatineeGroups/MAT_Groups_Sound.uasset" 162
"../../../Engine/Content/EditorMaterials/MatineeGroups/MAT_Groups_Vector.uasset" 163
"../../../Engine/Content/EditorMaterials/ParticleSystems/PSysThumbnail_NoImage.uasset" 164
"../../../Engine/Content/EditorMaterials/ParticleSystems/PSysThumbnail_OOD.uasset" 165
"../../../Engine/Content/EditorMaterials/Camera/CineMat.uasset" 166
"../../../Engine/Content/EditorMaterials/Camera/MI_CineMat_Rig.uasset" 167
"../../../Engine/Content/EditorMeshes/Camera/SM_CraneRig_Arm.uasset" 168
"../../../Engine/Content/EditorMeshes/Camera/SM_CraneRig_Base.uasset" 169
"../../../Engine/Content/EditorMeshes/Camera/SM_CraneRig_Body.uasset" 170
"../../../Engine/Content/EditorMeshes/Camera/SM_CraneRig_Mount.uasset" 171
"../../../Engine/Content/EditorMeshes/Camera/SM_RailRig_Mount.uasset" 172
"../../../Engine/Content/EditorMeshes/Camera/SM_RailRig_Track.uasset" 173
"../../../Engine/Content/EditorResources/BSPVertex.uasset" 174
"../../../Engine/Content/EditorResources/EmptyActor.uasset" 175
"../../../Engine/Content/EditorResources/S_Actor.uasset" 176
"../../../Engine/Content/EditorResources/S_Note.uasset" 177
"../../../Engine/Content/EditorResources/S_Solver.uasset" 178
"../../../Engine/Content/EditorResources/S_Terrain.uasset" 179
"../../../Engine/Content/EditorResources/S_Trigger.uasset" 180
"../../../Engine/Content/EditorResources/AudioIcons/S_AudioComponent_AutoActivate.uasset" 181
"../../../Engine/Content/EditorResources/LightIcons/S_LightError.uasset" 182
"../../../Engine/Content/EditorResources/SequenceRecorder/Countdown.uasset" 183
"../../../Engine/Content/EditorResources/SequenceRecorder/RecordingIndicator.uasset" 184
"../../../Engine/Content/EngineDamageTypes/DmgTypeBP_Environmental.uasset" 185
"../../../Engine/Content/EngineDebugMaterials/DebugEditorMaterial.uasset" 186
"../../../Engine/Content/EngineDebugMaterials/DebugMeshMaterial.uasset" 187
"../../../Engine/Content/EngineDebugMaterials/M_SimpleUnlitTranslucent.uasset" 188
"../../../Engine/Content/EngineDebugMaterials/VolumeToRender.uasset" 189
"../../../Engine/Content/Functions/Engine_MaterialFunctions02/Utility/CameraDirectionVector.uasset" 190
"../../../Engine/Content/EngineDebugMaterials/M_VolumeRenderSphereTracePP.uasset" 191
"../../../Engine/Content/Functions/Engine_MaterialFunctions01/Shading/ConvertFromDiffSpec.uasset" 192
"../../../Engine/Content/EngineDebugMaterials/VertexColorMaterial.uasset" 193
"../../../Engine/Content/EngineDebugMaterials/WireframeMaterial.uasset" 194
"../../../Engine/Content/EngineFonts/Faces/RobotoRegular.uasset" 195
"../../../Engine/Content/EngineFonts/Faces/RobotoLight.uasset" 196
"../../../Engine/Content/EngineFonts/Faces/RobotoItalic.uasset" 197
"../../../Engine/Content/EngineFonts/Faces/RobotoBoldItalic.uasset" 198
"../../../Engine/Content/EngineFonts/Faces/RobotoBold.uasset" 199
"../../../Engine/Content/EngineFonts/Faces/DroidSansFallback.uasset" 200
"../../../Engine/Content/EngineFonts/Roboto.uasset" 201
"../../../Engine/Content/EngineMaterials/BaseFlattenNormalMap.uasset" 202
"../../../Engine/Content/EngineMaterials/BaseFlattenGrayscaleMap.uasset" 203
"../../../Engine/Content/EngineMaterials/BaseFlattenEmissiveMap.uasset" 204
"../../../Engine/Content/EngineMaterials/BaseFlattenDiffuseMap.uasset" 205
"../../../Engine/Content/EngineMaterials/BaseFlattenMaterial.uasset" 206
"../../../Engine/Content/EngineMaterials/BlueNoise.uasset" 207
"../../../Engine/Content/EngineMaterials/DefaultBloomKernel.uasset" 208
"../../../Engine/Content/EngineMaterials/DefaultBokeh.uasset" 209
"../../../Engine/Content/EngineMaterials/DefaultDiffuse.uasset" 210
"../../../Engine/Content/EngineMaterials/DefaultDeferredDecalMaterial.uasset" 211
"../../../Engine/Content/EngineMaterials/DefaultLightFunctionMaterial.uasset" 212
"../../../Engine/Content/EngineMaterials/DefaultPhysicalMaterial.uasset" 213
"../../../Engine/Content/Functions/Engine_MaterialFunctions02/Utility/BreakOutFloat2Components.uasset" 214
"../../../Engine/Content/EngineMaterials/DefaultPostProcessMaterial.uasset" 215
"../../../Engine/Content/EngineFonts/RobotoDistanceField.uasset" 216
"../../../Engine/Content/EngineMaterials/DefaultTextMaterialOpaque.uasset" 217
"../../../Engine/Content/EngineMaterials/DefaultWhiteGrid.uasset" 218
"../../../Engine/Content/EngineMaterials/DefaultWhiteGrid_Low.uasset" 219
"../../../Engine/Content/EngineMaterials/EmissiveMeshMaterial.uasset" 220
"../../../Engine/Content/EngineMaterials/GizmoMaterial.uasset" 221
"../../../Engine/Content/EngineMaterials/Good64x64TilingNoiseHighFreq.uasset" 222
"../../../Engine/Content/EngineMaterials/MiniFont.uasset" 223
"../../../Engine/Content/EngineMaterials/InvalidLightmapSettings.uasset" 224
"../../../Engine/Content/EngineMaterials/M_InvalidLightmapSettings.uasset" 225
"../../../Engine/Content/Functions/Engine_MaterialFunctions02/WorldPositionOffset/CameraOffset.uasset" 226
"../../../Engine/Content/EngineMaterials/PhAT_JointLimitMaterial.uasset" 227
"../../../Engine/Content/EngineMaterials/PreintegratedSkinBRDF.uasset" 228
"../../../Engine/Content/EngineMaterials/RemoveSurfaceMaterial.uasset" 229
"../../../Engine/Content/EngineMaterials/WeightMapPlaceholderTexture.uasset" 230
"../../../Engine/Content/EngineResources/WhiteSquareTexture.uasset" 231
"../../../Engine/Content/EngineMaterials/Widget3DPassThrough.uasset" 232
"../../../Engine/Content/EngineMaterials/Widget3DPassThrough_Masked.uasset" 233
"../../../Engine/Content/EngineMaterials/Widget3DPassThrough_Opaque.uasset" 234
"../../../Engine/Content/EngineMaterials/Widget3DPassThrough_Masked_OneSided.uasset" 235
"../../../Engine/Content/EngineMaterials/Widget3DPassThrough_Opaque_OneSided.uasset" 236
"../../../Engine/Content/EngineMaterials/Widget3DPassThrough_Translucent.uasset" 237
"../../../Engine/Content/EngineMaterials/Widget3DPassThrough_Translucent_OneSided.uasset" 238
"../../../Engine/Content/EngineMeshes/Cylinder.uasset" 239
"../../../Engine/Content/EngineMeshes/Sphere.uasset" 240
"../../../Engine/Content/EngineResources/Black.uasset" 241
"../../../Engine/Content/EngineResources/DefaultTextureCube.uasset" 242
"../../../Engine/Content/EngineResources/DefaultVolumeTexture2D.uasset" 243
"../../../Engine/Content/EngineResources/DefaultVolumeTexture.uasset" 244
"../../../Engine/Content/EngineResources/GradientTexture0.uasset" 245
"../../../Engine/Content/EngineSky/VolumetricClouds/T_NoiseShape64.uasset" 246
"../../../Engine/Content/EngineSky/VolumetricClouds/T_VolumeNoiseShape64.uasset" 247
"../../../Engine/Content/EngineSky/VolumetricClouds/T_NoiseErosion.uasset" 248
"../../../Engine/Content/EngineSky/VolumetricClouds/T_VolumeNoiseErosion32.uasset" 249
"../../../Engine/Content/EngineSky/VolumetricClouds/CloudWeatherTexture.uasset" 250
"../../../Engine/Content/EngineSky/VolumetricClouds/CloudGradientTexture.uasset" 251
"../../../Engine/Content/Functions/Engine_MaterialFunctions02/Utility/MakeFloat2.uasset" 252
"../../../Engine/Content/EngineSky/VolumetricClouds/m_SimpleVolumetricCloud.uasset" 253
"../../../Engine/Content/EngineSky/VolumetricClouds/m_SimpleVolumetricCloud_Inst.uasset" 254
"../../../Engine/Content/EngineSounds/Master.uasset" 255
"../../../Engine/Content/Functions/Engine_MaterialFunctions01/Shading/PowerToRoughness.uasset" 256
"../../../Engine/Content/Maps/Templates/Thumbnails/Default.uasset" 257
"../../../Engine/Content/Maps/Templates/Thumbnails/TimeOfDay.uasset" 258
"../../../Engine/Content/Maps/Templates/Thumbnails/VR-Basic.uasset" 259
"../../../Engine/Content/MobileResources/T_MobileControls_texture.uasset" 260
"../../../Engine/Content/MobileResources/T_MobileMenu2.uasset" 261
"../../../Engine/Content/MobileResources/HUD/AnalogHat.uasset" 262
"../../../Engine/Content/MobileResources/HUD/VirtualJoystick_Thumb.uasset" 263
"../../../Engine/Content/MobileResources/HUD/VirtualJoystick_Background.uasset" 264
"../../../Engine/Content/MobileResources/HUD/DefaultVirtualJoysticks.uasset" 265
"../../../Engine/Content/MobileResources/HUD/LeftVirtualJoystickOnly.uasset" 266
"../../../Engine/Content/MobileResources/HUD/MobileHUDButton1_off.uasset" 267
"../../../Engine/Content/MobileResources/HUD/MobileHUDButton1_on.uasset" 268
"../../../Engine/Content/MobileResources/HUD/MobileHUDButton2_off.uasset" 269
"../../../Engine/Content/MobileResources/HUD/MobileHUDButton2_on.uasset" 270
"../../../Engine/Content/MobileResources/HUD/MobileHUDButton3.uasset" 271
"../../../Engine/Content/MobileResources/HUD/MobileHUDButtonFire.uasset" 272
"../../../Engine/Content/MobileResources/HUD/MobileHUDDirectionPad.uasset" 273
"../../../Engine/Content/MobileResources/HUD/MobileHUDDirectionPad2.uasset" 274
"../../../Engine/Content/MobileResources/HUD/MobileHUDDirectionPad3.uasset" 275
"../../../Engine/Content/MobileResources/HUD/MobileHUDDirectionStick.uasset" 276
"../../../Engine/Content/MobileResources/HUD/T_Castle_ThumbstickInner.uasset" 277
"../../../Engine/Content/MobileResources/HUD/T_Castle_ThumbstickOutter.uasset" 278
"../../../Engine/Content/Tutorial/ContentIntroCurve.uasset" 279
"../../../Engine/Content/Tutorial/Basics/LevelEditorAttract.uasset" 280
"../../../Engine/Content/VREditor/TransformGizmo/TranslucentTransformGizmoMaterial.uasset" 281
"../../../Engine/Content/VREditor/LaserPointer/VR_LaserPower_01.uasset" 282
"../../../Engine/Content/VREditor/TransformGizmo/TransformGizmoMaterial.uasset" 283
"../../../Engine/Content/VREditor/TransformGizmo/BoundingBoxCorner.uasset" 284
"../../../Engine/Content/VREditor/TransformGizmo/BoundingBoxEdge.uasset" 285
"../../../Engine/Content/VREditor/TransformGizmo/PlaneTranslationHandle.uasset" 286
"../../../Engine/Content/VREditor/TransformGizmo/Xray.uasset" 287
"../../../Engine/Content/VREditor/TransformGizmo/Main.uasset" 288
"../../../Engine/Content/VREditor/TransformGizmo/SM_Sequencer_Key.uasset" 289
"../../../Engine/Content/VREditor/TransformGizmo/SM_Sequencer_Node.uasset" 290
"../../Plugins/2D/Paper2D/Content/PlaceholderTextures/DummySpriteTexture.uasset" 291
"../../Plugins/2D/Paper2D/Content/DummySprite.uasset" 292
"../../Plugins/2D/Paper2D/Content/DefaultPaperTerrainMaterial.uasset" 293
"../../Plugins/2D/Paper2D/Content/DefaultSpriteMaterial.uasset" 294
"../../Plugins/2D/Paper2D/Content/MaskedUnlitSpriteMaterial.uasset" 295
"../../Plugins/2D/Paper2D/Content/OpaqueUnlitSpriteMaterial.uasset" 296
"../../../Engine/Content/Functions/Engine_MaterialFunctions02/Utility/BreakOutFloat3Components.uasset" 297
"../../Plugins/Editor/SpeedTreeImporter/Content/SpeedTree9/UnpackInteger3.uasset" 298
"../../Plugins/Editor/SpeedTreeImporter/Content/SpeedTree9/UnpackDirection.uasset" 299
"../../Plugins/Editor/SpeedTreeImporter/Content/SpeedTree9/game_wind_noise.uasset" 300
"../../../Engine/Content/Functions/Engine_MaterialFunctions02/SafeNormalize.uasset" 301
"../../Plugins/Editor/SpeedTreeImporter/Content/SpeedTree9/SpeedTreeWindMotion.uasset" 302
"../../Plugins/Editor/SpeedTreeImporter/Content/SpeedTree9/SpeedTreeBranchMotion.uasset" 303
"../../../Engine/Content/Functions/Engine_MaterialFunctions02/ObjectLocalBounds.uasset" 304
"../../../Engine/Content/Functions/Engine_MaterialFunctions02/UVs/BoundingBoxBased_0-1_UVW.uasset" 305
"../../Plugins/Editor/SpeedTreeImporter/Content/SpeedTree9/SpeedTreeWind.uasset" 306
"../../Plugins/Editor/SpeedTreeImporter/Content/SpeedTree9/SpeedTreeBillboard.uasset" 307
"../../../Engine/Content/EngineResources/DefaultTexture.uasset" 308
"../../Plugins/Editor/SpeedTreeImporter/Content/SpeedTree9/SpeedTreeBillboardMaster.uasset" 309
"../../Plugins/Editor/SpeedTreeImporter/Content/SpeedTree9/SpeedTreeCameraFacing.uasset" 310
"../../Plugins/Editor/SpeedTreeImporter/Content/SpeedTree9/SpeedTreeMaster.uasset" 311
"../../../Engine/Content/BasicShapes/Cylinder.uasset" 312
"../../../Engine/Content/ArtTools/RenderToTexture/Materials/Debug/M_Emissive_Color.uasset" 313
"../../Plugins/Lumin/MagicLeapPassableWorld/Content/MagicLeapARPinInfoActor.uasset" 314
"../../../Engine/Content/Functions/Engine_MaterialFunctions02/Utility/BreakOutFloat4Components.uasset" 315
"../../../Engine/Content/Functions/Engine_MaterialFunctions02/Utility/MakeFloat3.uasset" 316
"../../Plugins/Runtime/Oculus/OculusVR/Content/Materials/OculusMR_ChromaKey.uasset" 317
"../../Plugins/Runtime/Oculus/OculusVR/Content/Materials/OculusMR_OpaqueColoredMaterial.uasset" 318
"../../Plugins/Runtime/Oculus/OculusVR/Content/Materials/PokeAHoleMaterial.uasset" 319
"../../../../../UEPROJECTS/Chaos_2/Content/Isometric-Interiors/Meshes/SM_Carpet_3B.uasset" 320
"../../../../../UEPROJECTS/Chaos_2/Content/Isometric-Interiors/Meshes/SM_Carpet_2A.uasset" 321
"../../../../../UEPROJECTS/Chaos_2/Content/Isometric-Interiors/Meshes/SM_Carpet_1B.uasset" 322
"../../../../../UEPROJECTS/Chaos_2/Content/Isometric-Interiors/Meshes/SM_Books_5.uasset" 323
"../../../../../UEPROJECTS/Chaos_2/Content/Isometric-Interiors/Meshes/SM_Books_2.uasset" 324
"../../../../../UEPROJECTS/Chaos_2/Content/Isometric-Interiors/Meshes/SM_Books_1.uasset" 325
"../../../../../UEPROJECTS/Chaos_2/Content/FirstPersonBP/Maps/Level1_BuiltData.uasset" 326
"../../../../../UEPROJECTS/Chaos_2/Content/Isometric-Interiors/Meshes/SM_Books_6.uasset" 327
"../../../../../UEPROJECTS/Chaos_2/Content/Isometric-Interiors/Meshes/SM_Books_4.uasset" 328
"../../../../../UEPROJECTS/Chaos_2/Content/Isometric-Interiors/Meshes/SM_Books_3.uasset" 329
"../../../../../UEPROJECTS/Chaos_2/Content/Materials/CubeMaterial.uasset" 330
"../../../../../UEPROJECTS/Chaos_2/Content/FirstPersonBP/Blueprints/DisappearableWall.uasset" 331
"../../../../../UEPROJECTS/Chaos_2/Content/Isometric-Interiors/Meshes/SM_Window_4A.uasset" 332
"../../../../../UEPROJECTS/Chaos_2/Content/Isometric-Interiors/Meshes/SM_Window_2A.uasset" 333
"../../../../../UEPROJECTS/Chaos_2/Content/Isometric-Interiors/Meshes/SM_Towel_2.uasset" 334
"../../../../../UEPROJECTS/Chaos_2/Content/Isometric-Interiors/Meshes/SM_Towel_1.uasset" 335
"../../../../../UEPROJECTS/Chaos_2/Content/Isometric-Interiors/Meshes/SM_Toilet_Seat.uasset" 336
"../../../../../UEPROJECTS/Chaos_2/Content/Isometric-Interiors/Meshes/SM_Shelves_1A.uasset" 337
"../../../../../UEPROJECTS/Chaos_2/Content/Isometric-Interiors/Meshes/SM_Paint_9.uasset" 338
"../../../../../UEPROJECTS/Chaos_2/Content/Isometric-Interiors/Meshes/SM_Curtain_2.uasset" 339
"../../../../../UEPROJECTS/Chaos_2/Content/Isometric-Interiors/Meshes/SM_Curtain_1.uasset" 340
"../../../../../UEPROJECTS/Chaos_2/Content/Isometric-Interiors/Meshes/SM_Computer_5B.uasset" 341
"../../../../../UEPROJECTS/Chaos_2/Content/Isometric-Interiors/Meshes/SM_Computer_5A.uasset" 342
"../../../../../UEPROJECTS/Chaos_2/Content/Isometric-Interiors/Meshes/SM_Computer_4B.uasset" 343
"../../../../../UEPROJECTS/Chaos_2/Content/Isometric-Interiors/Meshes/SM_Computer_4A.uasset" 344
"../../../../../UEPROJECTS/Chaos_2/Content/Isometric-Interiors/Meshes/SM_Carpet_3C.uasset" 345
"../../../../../UEPROJECTS/Chaos_2/Content/Isometric-Interiors/Meshes/SM_Table_5B.uasset" 346
"../../../../../UEPROJECTS/Chaos_2/Content/Isometric-Interiors/Meshes/SM_Table_5B_DM.uasset" 347
"../../../../../UEPROJECTS/Chaos_2/Content/DestructibleBluePrints/Tables/DestructibleBP_Table2.uasset" 348
"../../../../../UEPROJECTS/Chaos_2/Content/Isometric-Interiors/Meshes/SM_Table_5A.uasset" 349
"../../../../../UEPROJECTS/Chaos_2/Content/Isometric-Interiors/Meshes/SM_Table_5A_DM.uasset" 350
"../../../../../UEPROJECTS/Chaos_2/Content/DestructibleBluePrints/Tables/DestructibleBP_Table1.uasset" 351
"../../../../../UEPROJECTS/Chaos_2/Content/Isometric-Interiors/Meshes/SM_Desk_2.uasset" 352
"../../../../../UEPROJECTS/Chaos_2/Content/Isometric-Interiors/Meshes/SM_Desk_2_DM.uasset" 353
"../../../../../UEPROJECTS/Chaos_2/Content/DestructibleBluePrints/Tables/DestructibleBP_Desk2.uasset" 354
"../../../../../UEPROJECTS/Chaos_2/Content/Isometric-Interiors/Meshes/SM_Desk_1.uasset" 355
"../../../../../UEPROJECTS/Chaos_2/Content/Isometric-Interiors/Meshes/SM_Desk_1_DM.uasset" 356
"../../../../../UEPROJECTS/Chaos_2/Content/DestructibleBluePrints/Tables/DestructibleBP_Desk1.uasset" 357
"../../../../../UEPROJECTS/Chaos_2/Content/Isometric-Interiors/Meshes/SM_Couch_4B.uasset" 358
"../../../../../UEPROJECTS/Chaos_2/Content/Isometric-Interiors/Meshes/SM_Couch_4B_DM.uasset" 359
"../../../../../UEPROJECTS/Chaos_2/Content/DestructibleBluePrints/Sofas/DestructibleBP_Sofa8.uasset" 360
"../../../../../UEPROJECTS/Chaos_2/Content/Isometric-Interiors/Meshes/SM_Couch_4A.uasset" 361
"../../../../../UEPROJECTS/Chaos_2/Content/Isometric-Interiors/Meshes/SM_Couch_4A_DM.uasset" 362
"../../../../../UEPROJECTS/Chaos_2/Content/DestructibleBluePrints/Sofas/DestructibleBP_Sofa7.uasset" 363
"../../../../../UEPROJECTS/Chaos_2/Content/Isometric-Interiors/Meshes/SM_Couch_3B.uasset" 364
"../../../../../UEPROJECTS/Chaos_2/Content/Isometric-Interiors/Meshes/SM_Couch_3B_DM.uasset" 365
"../../../../../UEPROJECTS/Chaos_2/Content/DestructibleBluePrints/Sofas/DestructibleBP_Sofa6.uasset" 366
"../../../../../UEPROJECTS/Chaos_2/Content/Isometric-Interiors/Meshes/SM_Couch_3A.uasset" 367
"../../../../../UEPROJECTS/Chaos_2/Content/Isometric-Interiors/Meshes/SM_Couch_3A_DM.uasset" 368
"../../../../../UEPROJECTS/Chaos_2/Content/DestructibleBluePrints/Sofas/DestructibleBP_Sofa5.uasset" 369
"../../../../../UEPROJECTS/Chaos_2/Content/Isometric-Interiors/Meshes/SM_Couch_2A.uasset" 370
"../../../../../UEPROJECTS/Chaos_2/Content/Isometric-Interiors/Meshes/SM_Couch_2A_DM.uasset" 371
"../../../../../UEPROJECTS/Chaos_2/Content/DestructibleBluePrints/Sofas/DestructibleBP_Sofa3.uasset" 372
"../../../../../UEPROJECTS/Chaos_2/Content/Isometric-Interiors/Meshes/SM_Couch_1B.uasset" 373
"../../../../../UEPROJECTS/Chaos_2/Content/Isometric-Interiors/Meshes/SM_Couch_1B_DM.uasset" 374
"../../../../../UEPROJECTS/Chaos_2/Content/DestructibleBluePrints/Sofas/DestructibleBP_Sofa2.uasset" 375
"../../../../../UEPROJECTS/Chaos_2/Content/Isometric-Interiors/Meshes/SM_Couch_1A.uasset" 376
"../../../../../UEPROJECTS/Chaos_2/Content/Isometric-Interiors/Meshes/SM_Couch_1A_DM.uasset" 377
"../../../../../UEPROJECTS/Chaos_2/Content/DestructibleBluePrints/Sofas/DestructibleBP_Sofa1.uasset" 378
"../../../../../UEPROJECTS/Chaos_2/Content/Isometric-Interiors/Meshes/SM_Shelves_3B.uasset" 379
"../../../../../UEPROJECTS/Chaos_2/Content/Isometric-Interiors/Meshes/SM_Shelves_3B_DM.uasset" 380
"../../../../../UEPROJECTS/Chaos_2/Content/DestructibleBluePrints/Shelves/DestructibleBP_Shelf4.uasset" 381
"../../../../../UEPROJECTS/Chaos_2/Content/Isometric-Interiors/Meshes/SM_Shelves_3A.uasset" 382
"../../../../../UEPROJECTS/Chaos_2/Content/Isometric-Interiors/Meshes/SM_Shelves_3A_DM.uasset" 383
"../../../../../UEPROJECTS/Chaos_2/Content/DestructibleBluePrints/Shelves/DestructibleBP_Shelf3.uasset" 384
"../../../../../UEPROJECTS/Chaos_2/Content/Isometric-Interiors/Meshes/SM_Shelves_2B.uasset" 385
"../../../../../UEPROJECTS/Chaos_2/Content/Isometric-Interiors/Meshes/SM_Shelves_2B_DM.uasset" 386
"../../../../../UEPROJECTS/Chaos_2/Content/DestructibleBluePrints/Shelves/DestructibleBP_Shelf2.uasset" 387
"../../../../../UEPROJECTS/Chaos_2/Content/Isometric-Interiors/Meshes/SM_Shelves_2A.uasset" 388
"../../../../../UEPROJECTS/Chaos_2/Content/Isometric-Interiors/Meshes/SM_Shelves_2A_DM.uasset" 389
"../../../../../UEPROJECTS/Chaos_2/Content/DestructibleBluePrints/Shelves/DestructibleBP_Shelf1.uasset" 390
"../../../../../UEPROJECTS/Chaos_2/Content/Isometric-Interiors/Meshes/SM_Drawer_3A.uasset" 391
"../../../../../UEPROJECTS/Chaos_2/Content/Isometric-Interiors/Meshes/SM_Drawer_3A_DM.uasset" 392
"../../../../../UEPROJECTS/Chaos_2/Content/DestructibleBluePrints/Drawers/DestructibleBP_Drawer5.uasset" 393
"../../../../../UEPROJECTS/Chaos_2/Content/Isometric-Interiors/Meshes/SM_Drawer_2A.uasset" 394
"../../../../../UEPROJECTS/Chaos_2/Content/Isometric-Interiors/Meshes/SM_Drawer_2A_DM.uasset" 395
"../../../../../UEPROJECTS/Chaos_2/Content/DestructibleBluePrints/Drawers/DestructibleBP_Drawer3.uasset" 396
"../../../../../UEPROJECTS/Chaos_2/Content/Isometric-Interiors/Meshes/SM_Drawer_1B.uasset" 397
"../../../../../UEPROJECTS/Chaos_2/Content/Isometric-Interiors/Meshes/SM_Drawer_1B_DM.uasset" 398
"../../../../../UEPROJECTS/Chaos_2/Content/DestructibleBluePrints/Drawers/DestructibleBP_Drawer2.uasset" 399
"../../../../../UEPROJECTS/Chaos_2/Content/Isometric-Interiors/Meshes/SM_Drawer_1A.uasset" 400
"../../../../../UEPROJECTS/Chaos_2/Content/Isometric-Interiors/Meshes/SM_Drawer_1A_DM.uasset" 401
"../../../../../UEPROJECTS/Chaos_2/Content/DestructibleBluePrints/Drawers/DestructibleBP_Drawer1.uasset" 402
"../../../../../UEPROJECTS/Chaos_2/Content/Isometric-Interiors/Meshes/SM_TV_2.uasset" 403
"../../../../../UEPROJECTS/Chaos_2/Content/Isometric-Interiors/Meshes/SM_TV_2_DM.uasset" 404
"../../../../../UEPROJECTS/Chaos_2/Content/DestructibleBluePrints/Computers/DestructibleBP_Sc5.uasset" 405
"../../../../../UEPROJECTS/Chaos_2/Content/Isometric-Interiors/Meshes/SM_TV_1A.uasset" 406
"../../../../../UEPROJECTS/Chaos_2/Content/Isometric-Interiors/Meshes/SM_TV_1A_DM.uasset" 407
"../../../../../UEPROJECTS/Chaos_2/Content/DestructibleBluePrints/Computers/DestructibleBP_Sc3.uasset" 408
"../../../../../UEPROJECTS/Chaos_2/Content/Isometric-Interiors/Meshes/SM_Computer_2.uasset" 409
"../../../../../UEPROJECTS/Chaos_2/Content/Isometric-Interiors/Meshes/SM_Computer_2_DM.uasset" 410
"../../../../../UEPROJECTS/Chaos_2/Content/DestructibleBluePrints/Computers/DestructibleBP_Sc2.uasset" 411
"../../../../../UEPROJECTS/Chaos_2/Content/Isometric-Interiors/Meshes/SM_Computer_1.uasset" 412
"../../../../../UEPROJECTS/Chaos_2/Content/Isometric-Interiors/Meshes/SM_Computer_1_DM.uasset" 413
"../../../../../UEPROJECTS/Chaos_2/Content/DestructibleBluePrints/Computers/DestructibleBP_Sc1.uasset" 414
"../../../../../UEPROJECTS/Chaos_2/Content/Isometric-Interiors/Meshes/SM_Computer_3B.uasset" 415
"../../../../../UEPROJECTS/Chaos_2/Content/Isometric-Interiors/Meshes/SM_Computer_3B_DM.uasset" 416
"../../../../../UEPROJECTS/Chaos_2/Content/DestructibleBluePrints/Computers/DestructibleBP_Com2.uasset" 417
"../../../../../UEPROJECTS/Chaos_2/Content/Isometric-Interiors/Meshes/SM_Computer_3A.uasset" 418
"../../../../../UEPROJECTS/Chaos_2/Content/Isometric-Interiors/Meshes/SM_Computer_3A_DM.uasset" 419
"../../../../../UEPROJECTS/Chaos_2/Content/DestructibleBluePrints/Computers/DestructibleBP_Com1.uasset" 420
"../../../../../UEPROJECTS/Chaos_2/Content/Isometric-Interiors/Meshes/SM_Cupboard_2_2.uasset" 421
"../../../../../UEPROJECTS/Chaos_2/Content/Isometric-Interiors/Meshes/SM_Cupboard_2_2_DM.uasset" 422
"../../../../../UEPROJECTS/Chaos_2/Content/DestructibleBluePrints/Chests/DestructibleBP_CupBoard6.uasset" 423
"../../../../../UEPROJECTS/Chaos_2/Content/Isometric-Interiors/Meshes/SM_Cupboard_2_1.uasset" 424
"../../../../../UEPROJECTS/Chaos_2/Content/Isometric-Interiors/Meshes/SM_Cupboard_2_1_DM.uasset" 425
"../../../../../UEPROJECTS/Chaos_2/Content/DestructibleBluePrints/Chests/DestructibleBP_CupBoard5.uasset" 426
"../../../../../UEPROJECTS/Chaos_2/Content/Isometric-Interiors/Meshes/SM_Cupboard_1_2.uasset" 427
"../../../../../UEPROJECTS/Chaos_2/Content/Isometric-Interiors/Meshes/SM_Cupboard_1_2_DM.uasset" 428
"../../../../../UEPROJECTS/Chaos_2/Content/DestructibleBluePrints/Chests/DestructibleBP_CupBoard2.uasset" 429
"../../../../../UEPROJECTS/Chaos_2/Content/Isometric-Interiors/Meshes/SM_Cupboard_1_1.uasset" 430
"../../../../../UEPROJECTS/Chaos_2/Content/Isometric-Interiors/Meshes/SM_Cupboard_1_1_DM.uasset" 431
"../../../../../UEPROJECTS/Chaos_2/Content/DestructibleBluePrints/Chests/DestructibleBP_CupBoard1.uasset" 432
"../../../../../UEPROJECTS/Chaos_2/Content/Isometric-Interiors/Meshes/SM_Pot_Flower_2.uasset" 433
"../../../../../UEPROJECTS/Chaos_2/Content/Isometric-Interiors/Meshes/SM_Pot_Flower_2_DM.uasset" 434
"../../../../../UEPROJECTS/Chaos_2/Content/DestructibleBluePrints/DestructibleBP_PLant2.uasset" 435
"../../../../../UEPROJECTS/Chaos_2/Content/Isometric-Interiors/Meshes/SM_Pot_Flower_1.uasset" 436
"../../../../../UEPROJECTS/Chaos_2/Content/Isometric-Interiors/Meshes/SM_Pot_Flower_1_DM.uasset" 437
"../../../../../UEPROJECTS/Chaos_2/Content/DestructibleBluePrints/DestructibleBP_PLant1.uasset" 438
"../../../../../UEPROJECTS/Chaos_2/Content/Isometric-Interiors/Meshes/SM_Chair_2.uasset" 439
"../../../../../UEPROJECTS/Chaos_2/Content/Isometric-Interiors/Meshes/SM_Chair_2_DM.uasset" 440
"../../../../../UEPROJECTS/Chaos_2/Content/DestructibleBluePrints/DestructibleBP_Chair1.uasset" 441
"../../../../../UEPROJECTS/Chaos_2/Content/Isometric-Interiors/Meshes/SM_Chair_3.uasset" 442
"../../../../../UEPROJECTS/Chaos_2/Content/Isometric-Interiors/Meshes/SM_Chair_3_DM.uasset" 443
"../../../../../UEPROJECTS/Chaos_2/Content/DestructibleBluePrints/DestructibleBP_Chair.uasset" 444
"../../../../../UEPROJECTS/Chaos_2/Content/FirstPersonBP/Maps/Level1.umap" 445
"../../../../../UEPROJECTS/Chaos_2/Content/FirstPersonBP/Blueprints/GravityActor.uasset" 446
"../../../../../UEPROJECTS/Chaos_2/Content/FirstPersonBP/Blueprints/GravityActor_Child6.uasset" 447
"../../../../../UEPROJECTS/Chaos_2/Content/FirstPersonBP/Blueprints/GravityActor_Child5.uasset" 448
"../../../../../UEPROJECTS/Chaos_2/Content/FirstPersonBP/Blueprints/GravityActor_Child4.uasset" 449
"../../../../../UEPROJECTS/Chaos_2/Content/Isometric-Interiors/Meshes/SM_Bowl.uasset" 450
"../../../../../UEPROJECTS/Chaos_2/Content/FirstPersonBP/Blueprints/GravityActor_Child3.uasset" 451
"../../../../../UEPROJECTS/Chaos_2/Content/Isometric-Interiors/Meshes/SM_Pillow_1B.uasset" 452
"../../../../../UEPROJECTS/Chaos_2/Content/FirstPersonBP/Blueprints/GravityActor_Child2.uasset" 453
"../../../../../UEPROJECTS/Chaos_2/Content/Isometric-Interiors/Meshes/SM_Bottle_2.uasset" 454
"../../../../../UEPROJECTS/Chaos_2/Content/FirstPersonBP/Blueprints/GravityActor_Child1.uasset" 455
"../../../../../UEPROJECTS/Chaos_2/Content/Isometric-Interiors/Meshes/SM_Bottle_1.uasset" 456
"../../../../../UEPROJECTS/Chaos_2/Content/FirstPersonBP/Blueprints/GravityActor_Child.uasset" 457
"../../../../../UEPROJECTS/Chaos_2/Content/StylizedModularChar/Textures/T_Eyes_M.uasset" 458
"../../../../../UEPROJECTS/Chaos_2/Content/StylizedModularChar/Textures/T_Eyes_C.uasset" 459
"../../../../../UEPROJECTS/Chaos_2/Content/StylizedModularChar/Materials/MI_Eyes.uasset" 460
"../../../../../UEPROJECTS/Chaos_2/Content/StylizedModularChar/Meshes/SM_Eyes.uasset" 461
"../../../../../UEPROJECTS/Chaos_2/Content/StylizedModularChar/Meshes/SMC_PhysicsAsset.uasset" 462
"../../../../../UEPROJECTS/Chaos_2/Content/StylizedModularChar/Textures/T_SpaceSuit_N.uasset" 463
"../../../../../UEPROJECTS/Chaos_2/Content/StylizedModularChar/Textures/T_SpaceSuit_Mask.uasset" 464
"../../../../../UEPROJECTS/Chaos_2/Content/StylizedModularChar/Textures/T_SpaceSuit_M.uasset" 465
"../../../../../UEPROJECTS/Chaos_2/Content/StylizedModularChar/Textures/T_SpaceSuit_C.uasset" 466
"../../../../../UEPROJECTS/Chaos_2/Content/StylizedModularChar/Materials/MI_SpaceSuit.uasset" 467
"../../../../../UEPROJECTS/Chaos_2/Content/StylizedModularChar/Meshes/Male/Legs/SK_SpaceSuit_Legs.uasset" 468
"../../../../../UEPROJECTS/Chaos_2/Content/StylizedModularChar/Textures/T_Soldier_N.uasset" 469
"../../../../../UEPROJECTS/Chaos_2/Content/StylizedModularChar/Textures/T_Soldier_Mask.uasset" 470
"../../../../../UEPROJECTS/Chaos_2/Content/StylizedModularChar/Textures/T_Soldier_M.uasset" 471
"../../../../../UEPROJECTS/Chaos_2/Content/StylizedModularChar/Textures/T_Soldier_C.uasset" 472
"../../../../../UEPROJECTS/Chaos_2/Content/StylizedModularChar/Materials/MI_Soldier.uasset" 473
"../../../../../UEPROJECTS/Chaos_2/Content/StylizedModularChar/Meshes/Male/Legs/SK_Soldier_Legs.uasset" 474
"../../../../../UEPROJECTS/Chaos_2/Content/StylizedModularChar/Textures/T_Smoking_N.uasset" 475
"../../../../../UEPROJECTS/Chaos_2/Content/StylizedModularChar/Textures/T_Smoking_Mask.uasset" 476
"../../../../../UEPROJECTS/Chaos_2/Content/StylizedModularChar/Textures/T_Smoking_M.uasset" 477
"../../../../../UEPROJECTS/Chaos_2/Content/StylizedModularChar/Textures/T_Smoking_C.uasset" 478
"../../../../../UEPROJECTS/Chaos_2/Content/StylizedModularChar/Materials/MI_Smoking.uasset" 479
"../../../../../UEPROJECTS/Chaos_2/Content/StylizedModularChar/Meshes/Male/Legs/SK_Smoking_Legs.uasset" 480
"../../../../../UEPROJECTS/Chaos_2/Content/StylizedModularChar/Textures/T_Cop_N.uasset" 481
"../../../../../UEPROJECTS/Chaos_2/Content/StylizedModularChar/Textures/T_Cop_Mask.uasset" 482
"../../../../../UEPROJECTS/Chaos_2/Content/StylizedModularChar/Textures/T_Cop_M.uasset" 483
"../../../../../UEPROJECTS/Chaos_2/Content/StylizedModularChar/Textures/T_Cop_C.uasset" 484
"../../../../../UEPROJECTS/Chaos_2/Content/StylizedModularChar/Materials/MI_Cop.uasset" 485
"../../../../../UEPROJECTS/Chaos_2/Content/StylizedModularChar/Meshes/Male/Legs/SK_Cop_Legs.uasset" 486
"../../../../../UEPROJECTS/Chaos_2/Content/StylizedModularChar/Meshes/Male/Legs/SK_Casual_Legs.uasset" 487
"../../../../../UEPROJECTS/Chaos_2/Content/StylizedModularChar/Textures/T_Body_N.uasset" 488
"../../../../../UEPROJECTS/Chaos_2/Content/StylizedModularChar/Textures/T_Body_M.uasset" 489
"../../../../../UEPROJECTS/Chaos_2/Content/StylizedModularChar/Materials/HairMaterialParameterCollection.uasset" 490
"../../../../../UEPROJECTS/Chaos_2/Content/StylizedModularChar/Materials/Masters/M_MasterBody.uasset" 491
"../../../../../UEPROJECTS/Chaos_2/Content/StylizedModularChar/Materials/MI_Body.uasset" 492
"../../../../../UEPROJECTS/Chaos_2/Content/StylizedModularChar/Meshes/Male/Legs/SK_Body_Legs.uasset" 493
"../../../../../UEPROJECTS/Chaos_2/Content/StylizedModularChar/Textures/T_Aviator_N.uasset" 494
"../../../../../UEPROJECTS/Chaos_2/Content/StylizedModularChar/Textures/T_Aviator_Mask.uasset" 495
"../../../../../UEPROJECTS/Chaos_2/Content/StylizedModularChar/Textures/T_Aviator_M.uasset" 496
"../../../../../UEPROJECTS/Chaos_2/Content/StylizedModularChar/Textures/T_Aviator_C.uasset" 497
"../../../../../UEPROJECTS/Chaos_2/Content/StylizedModularChar/Materials/MI_Aviator.uasset" 498
"../../../../../UEPROJECTS/Chaos_2/Content/StylizedModularChar/Meshes/Male/Legs/SK_Aviator_Legs.uasset" 499
"../../../../../UEPROJECTS/Chaos_2/Content/StylizedModularChar/Meshes/Male/Hands/SK_SpaceSuit_Hands.uasset" 500
"../../../../../UEPROJECTS/Chaos_2/Content/StylizedModularChar/Materials/MI_CasualGlovesFingers.uasset" 501
"../../../../../UEPROJECTS/Chaos_2/Content/StylizedModularChar/Meshes/Male/Hands/SK_Casual_Hands.uasset" 502
"../../../../../UEPROJECTS/Chaos_2/Content/StylizedModularChar/Meshes/Male/Hands/SK_Body_Hands.uasset" 503
"../../../../../UEPROJECTS/Chaos_2/Content/StylizedModularChar/Textures/T_SoldierHelmet_N.uasset" 504
"../../../../../UEPROJECTS/Chaos_2/Content/StylizedModularChar/Textures/T_SoldierHelmet_Mask.uasset" 505
"../../../../../UEPROJECTS/Chaos_2/Content/StylizedModularChar/Textures/T_SoldierHelmet_M.uasset" 506
"../../../../../UEPROJECTS/Chaos_2/Content/StylizedModularChar/Textures/T_SoldierHelmet_C.uasset" 507
"../../../../../UEPROJECTS/Chaos_2/Content/StylizedModularChar/Materials/MI_SoldierHelmet.uasset" 508
"../../../../../UEPROJECTS/Chaos_2/Content/StylizedModularChar/Textures/T_HairSet01_C.uasset" 509
"../../../../../UEPROJECTS/Chaos_2/Content/StylizedModularChar/Materials/Masters/M_MasterHair.uasset" 510
"../../../../../UEPROJECTS/Chaos_2/Content/StylizedModularChar/Textures/T_HairSet01_N.uasset" 511
"../../../../../UEPROJECTS/Chaos_2/Content/StylizedModularChar/Materials/MI_HairSet_01.uasset" 512
"../../../../../UEPROJECTS/Chaos_2/Content/StylizedModularChar/Meshes/Male/Hair/SM_Hair_05.uasset" 513
"../../../../../UEPROJECTS/Chaos_2/Content/StylizedModularChar/Textures/T_HairSet04_N.uasset" 514
"../../../../../UEPROJECTS/Chaos_2/Content/StylizedModularChar/Textures/T_HairSet04_C.uasset" 515
"../../../../../UEPROJECTS/Chaos_2/Content/StylizedModularChar/Materials/MI_HairSet_04.uasset" 516
"../../../../../UEPROJECTS/Chaos_2/Content/StylizedModularChar/Meshes/Male/Hair/SM_Hair_04.uasset" 517
"../../../../../UEPROJECTS/Chaos_2/Content/StylizedModularChar/Textures/T_HairSet03_N.uasset" 518
"../../../../../UEPROJECTS/Chaos_2/Content/StylizedModularChar/Textures/T_HairSet03_C.uasset" 519
"../../../../../UEPROJECTS/Chaos_2/Content/StylizedModularChar/Materials/MI_HairSet_03.uasset" 520
"../../../../../UEPROJECTS/Chaos_2/Content/StylizedModularChar/Meshes/Male/Hair/SM_Hair_03.uasset" 521
"../../../../../UEPROJECTS/Chaos_2/Content/StylizedModularChar/Textures/T_HairSet02_N.uasset" 522
"../../../../../UEPROJECTS/Chaos_2/Content/StylizedModularChar/Textures/T_HairSet02_C.uasset" 523
"../../../../../UEPROJECTS/Chaos_2/Content/StylizedModularChar/Materials/MI_HairSet_02.uasset" 524
"../../../../../UEPROJECTS/Chaos_2/Content/StylizedModularChar/Meshes/Male/Hair/SM_Hair_02.uasset" 525
"../../../../../UEPROJECTS/Chaos_2/Content/StylizedModularChar/Meshes/Male/Hair/SM_Hair_01.uasset" 526
"../../../../../UEPROJECTS/Chaos_2/Content/StylizedModularChar/Meshes/Male/Hair/SM_Eyebrow_04.uasset" 527
"../../../../../UEPROJECTS/Chaos_2/Content/StylizedModularChar/Meshes/Male/Hair/SM_Eyebrow_03.uasset" 528
"../../../../../UEPROJECTS/Chaos_2/Content/StylizedModularChar/Meshes/Male/Hair/SM_Eyebrow_02.uasset" 529
"../../../../../UEPROJECTS/Chaos_2/Content/StylizedModularChar/Meshes/Male/Hair/SM_Eyebrow_01.uasset" 530
"../../../../../UEPROJECTS/Chaos_2/Content/StylizedModularChar/Meshes/Male/Hair/SM_Cop_Hat.uasset" 531
"../../../../../UEPROJECTS/Chaos_2/Content/StylizedModularChar/Meshes/Male/Hair/SM_Beard_04.uasset" 532
"../../../../../UEPROJECTS/Chaos_2/Content/StylizedModularChar/Meshes/Male/Hair/SM_Beard_03.uasset" 533
"../../../../../UEPROJECTS/Chaos_2/Content/StylizedModularChar/Meshes/Male/Hair/SM_Beard_02.uasset" 534
"../../../../../UEPROJECTS/Chaos_2/Content/StylizedModularChar/Meshes/Male/Hair/SM_Beard_01.uasset" 535
"../../../../../UEPROJECTS/Chaos_2/Content/StylizedModularChar/Meshes/Male/Hair/SM_Aviator_Hat.uasset" 536
"../../../../../UEPROJECTS/Chaos_2/Content/StylizedModularChar/Meshes/Male/Face/SK_SpaceSuit_Face.uasset" 537
"../../../../../UEPROJECTS/Chaos_2/Content/StylizedModularChar/Meshes/Male/Face/SK_Soldier_Face.uasset" 538
"../../../../../UEPROJECTS/Chaos_2/Content/StylizedModularChar/Textures/T_AsianFace_N.uasset" 539
"../../../../../UEPROJECTS/Chaos_2/Content/StylizedModularChar/Textures/T_AsianFace_M.uasset" 540
"../../../../../UEPROJECTS/Chaos_2/Content/StylizedModularChar/Textures/T_AsianFace_C.uasset" 541
"../../../../../UEPROJECTS/Chaos_2/Content/StylizedModularChar/Materials/MI_AsianFace.uasset" 542
"../../../../../UEPROJECTS/Chaos_2/Content/StylizedModularChar/Meshes/Male/Face/SK_BodyFace_Asian.uasset" 543
"../../../../../UEPROJECTS/Chaos_2/Content/StylizedModularChar/Textures/T_AfricanFace_N.uasset" 544
"../../../../../UEPROJECTS/Chaos_2/Content/StylizedModularChar/Textures/T_AfricanFace_M.uasset" 545
"../../../../../UEPROJECTS/Chaos_2/Content/StylizedModularChar/Textures/T_AfricanFace_C.uasset" 546
"../../../../../UEPROJECTS/Chaos_2/Content/StylizedModularChar/Materials/MI_AfricanFace.uasset" 547
"../../../../../UEPROJECTS/Chaos_2/Content/StylizedModularChar/Meshes/Male/Face/SK_BodyFace_African.uasset" 548
"../../../../../UEPROJECTS/Chaos_2/Content/StylizedModularChar/Meshes/Male/Face/SK_Body_Face.uasset" 549
"../../../../../UEPROJECTS/Chaos_2/Content/StylizedModularChar/Meshes/Male/Chest/SK_SpaceSuit_Chest.uasset" 550
"../../../../../UEPROJECTS/Chaos_2/Content/StylizedModularChar/Meshes/Male/Chest/SK_Soldier_Chest.uasset" 551
"../../../../../UEPROJECTS/Chaos_2/Content/StylizedModularChar/Meshes/Male/Chest/SK_Smoking_Chest.uasset" 552
"../../../../../UEPROJECTS/Chaos_2/Content/StylizedModularChar/Meshes/Male/Chest/SK_Cop_Chest.uasset" 553
"../../../../../UEPROJECTS/Chaos_2/Content/StylizedModularChar/Meshes/Male/Chest/SK_Casual_Chest.uasset" 554
"../../../../../UEPROJECTS/Chaos_2/Content/StylizedModularChar/Meshes/Male/Chest/SK_Body_Chest.uasset" 555
"../../../../../UEPROJECTS/Chaos_2/Content/StylizedModularChar/Meshes/Male/Chest/SK_Aviator_Chest.uasset" 556
"../../../../../UEPROJECTS/Chaos_2/Content/StylizedModularChar/Textures/T_Tailleur_N.uasset" 557
"../../../../../UEPROJECTS/Chaos_2/Content/StylizedModularChar/Textures/T_Tailleur_Mask.uasset" 558
"../../../../../UEPROJECTS/Chaos_2/Content/StylizedModularChar/Textures/T_Tailleur_M.uasset" 559
"../../../../../UEPROJECTS/Chaos_2/Content/StylizedModularChar/Textures/T_Tailleur_C.uasset" 560
"../../../../../UEPROJECTS/Chaos_2/Content/StylizedModularChar/Materials/MI_Tailleur.uasset" 561
"../../../../../UEPROJECTS/Chaos_2/Content/StylizedModularChar/Meshes/Female/Legs/Tailleur_Legs.uasset" 562
"../../../../../UEPROJECTS/Chaos_2/Content/StylizedModularChar/Meshes/Female/Legs/SK_Female_SpaceSuit_Legs.uasset" 563
"../../../../../UEPROJECTS/Chaos_2/Content/StylizedModularChar/Meshes/Female/Legs/SK_Female_Soldier_Legs.uasset" 564
"../../../../../UEPROJECTS/Chaos_2/Content/StylizedModularChar/Meshes/Female/Legs/SK_Female_Cop_Legs.uasset" 565
"../../../../../UEPROJECTS/Chaos_2/Content/StylizedModularChar/Textures/T_Female_Body_M.uasset" 566
"../../../../../UEPROJECTS/Chaos_2/Content/StylizedModularChar/Textures/T_Female_Body_C.uasset" 567
"../../../../../UEPROJECTS/Chaos_2/Content/StylizedModularChar/Textures/T_Female_Body_N.uasset" 568
"../../../../../UEPROJECTS/Chaos_2/Content/StylizedModularChar/Materials/MI_Female_Body.uasset" 569
"../../../../../UEPROJECTS/Chaos_2/Content/StylizedModularChar/Meshes/Female/Legs/SK_Female_Body_Legs.uasset" 570
"../../../../../UEPROJECTS/Chaos_2/Content/StylizedModularChar/Meshes/Female/Legs/SK_Female_Aviator_Legs.uasset" 571
"../../../../../UEPROJECTS/Chaos_2/Content/StylizedModularChar/Meshes/Female/Hands/SK_Female_SpaceSuit_Gloves.uasset" 572
"../../../../../UEPROJECTS/Chaos_2/Content/StylizedModularChar/Meshes/Female/Hands/SK_Female_Soldier_Hands.uasset" 573
"../../../../../UEPROJECTS/Chaos_2/Content/StylizedModularChar/Meshes/Female/Hands/SK_Female_Body_Hands.uasset" 574
"../../../../../UEPROJECTS/Chaos_2/Content/StylizedModularChar/Textures/T_Female_HairSet03_N.uasset" 575
"../../../../../UEPROJECTS/Chaos_2/Content/StylizedModularChar/Textures/T_Female_HairSet03_C.uasset" 576
"../../../../../UEPROJECTS/Chaos_2/Content/StylizedModularChar/Materials/MI_FemaleHairSet_03.uasset" 577
"../../../../../UEPROJECTS/Chaos_2/Content/StylizedModularChar/Meshes/Female/Hair/SM_FemaleHair_03.uasset" 578
"../../../../../UEPROJECTS/Chaos_2/Content/StylizedModularChar/Textures/T_Female_HairSet02_N.uasset" 579
"../../../../../UEPROJECTS/Chaos_2/Content/StylizedModularChar/Textures/T_Female_HairSet02_C.uasset" 580
"../../../../../UEPROJECTS/Chaos_2/Content/StylizedModularChar/Materials/MI_FemaleHairSet_02.uasset" 581
"../../../../../UEPROJECTS/Chaos_2/Content/StylizedModularChar/Meshes/Female/Hair/SM_FemaleHair_02.uasset" 582
"../../../../../UEPROJECTS/Chaos_2/Content/StylizedModularChar/Textures/T_Female_HairSet01_N.uasset" 583
"../../../../../UEPROJECTS/Chaos_2/Content/StylizedModularChar/Textures/T_Female_HairSet01_C.uasset" 584
"../../../../../UEPROJECTS/Chaos_2/Content/StylizedModularChar/Materials/MI_FemaleHairSet_01.uasset" 585
"../../../../../UEPROJECTS/Chaos_2/Content/StylizedModularChar/Meshes/Female/Hair/SM_FemaleHair_01.uasset" 586
"../../../../../UEPROJECTS/Chaos_2/Content/StylizedModularChar/Meshes/Female/Hair/SM_FemaleEyebrow_03.uasset" 587
"../../../../../UEPROJECTS/Chaos_2/Content/StylizedModularChar/Meshes/Female/Hair/SM_FemaleEyebrow_01.uasset" 588
"../../../../../UEPROJECTS/Chaos_2/Content/StylizedModularChar/Meshes/Female/Hair/SM_Female_Soldier_Helmet.uasset" 589
"../../../../../UEPROJECTS/Chaos_2/Content/StylizedModularChar/Meshes/Female/Hair/SM_Female_Cop_Hat.uasset" 590
"../../../../../UEPROJECTS/Chaos_2/Content/StylizedModularChar/Meshes/Female/Hair/SM_Female_Aviator_Hat.uasset" 591
"../../../../../UEPROJECTS/Chaos_2/Content/StylizedModularChar/Meshes/Female/Face/SK_FemaleBody_Face.uasset" 592
"../../../../../UEPROJECTS/Chaos_2/Content/StylizedModularChar/Textures/T_FemaleFaces_N.uasset" 593
"../../../../../UEPROJECTS/Chaos_2/Content/StylizedModularChar/Textures/T_FemaleFaces_M.uasset" 594
"../../../../../UEPROJECTS/Chaos_2/Content/StylizedModularChar/Textures/T_FemaleFaces_C.uasset" 595
"../../../../../UEPROJECTS/Chaos_2/Content/StylizedModularChar/Materials/MI_FemaleFaces.uasset" 596
"../../../../../UEPROJECTS/Chaos_2/Content/StylizedModularChar/Meshes/Female/Face/SK_FemaleBody_AsianFace.uasset" 597
"../../../../../UEPROJECTS/Chaos_2/Content/StylizedModularChar/Meshes/Female/Face/SK_FemaleBody_AfricanFace.uasset" 598
"../../../../../UEPROJECTS/Chaos_2/Content/StylizedModularChar/Meshes/Female/Face/SK_Female_SpaceSuit_Helm.uasset" 599
"../../../../../UEPROJECTS/Chaos_2/Content/StylizedModularChar/Meshes/Female/Face/SK_Female_Balaclava.uasset" 600
"../../../../../UEPROJECTS/Chaos_2/Content/StylizedModularChar/Meshes/Female/Chest/Tailleur_Chest.uasset" 601
"../../../../../UEPROJECTS/Chaos_2/Content/StylizedModularChar/Meshes/Female/Chest/SK_Female_SpaceSuit_Chest.uasset" 602
"../../../../../UEPROJECTS/Chaos_2/Content/StylizedModularChar/Meshes/Female/Chest/SK_Female_Soldier_Chest.uasset" 603
"../../../../../UEPROJECTS/Chaos_2/Content/StylizedModularChar/Meshes/Female/Chest/SK_Female_Cop_Chest.uasset" 604
"../../../../../UEPROJECTS/Chaos_2/Content/StylizedModularChar/Meshes/Female/Chest/SK_Female_Body_Chest.uasset" 605
"../../../../../UEPROJECTS/Chaos_2/Content/StylizedModularChar/Meshes/Female/Chest/SK_Female_Aviator_Chest.uasset" 606
"../../../../../UEPROJECTS/Chaos_2/Content/StylizedModularChar/Meshes/Female/Hair/SM_FemaleEyebrow_02.uasset" 607
"../../../../../UEPROJECTS/Chaos_2/Content/StylizedModularChar/Animations/ThirdPersonWalk.uasset" 608
"../../../../../UEPROJECTS/Chaos_2/Content/StylizedModularChar/Animations/ThirdPersonRun.uasset" 609
"../../../../../UEPROJECTS/Chaos_2/Content/StylizedModularChar/Animations/ThirdPersonIdle.uasset" 610
"../../../../../UEPROJECTS/Chaos_2/Content/StylizedModularChar/Animations/Idle_Run_BS.uasset" 611
"../../../../../UEPROJECTS/Chaos_2/Content/StylizedModularChar/Animations/ThirdPersonAnima_BP.uasset" 612
"../../../../../UEPROJECTS/Chaos_2/Content/StylizedModularChar/Animations/StaticPose.uasset" 613
"../../../../../UEPROJECTS/Chaos_2/Content/StylizedModularChar/Blueprints/BP_StylizedModularCharacter.uasset" 614
"../../../../../UEPROJECTS/Chaos_2/Content/Isometric-Interiors/Meshes/SM_WardRobe_2A.uasset" 615
"../../../../../UEPROJECTS/Chaos_2/Content/Isometric-Interiors/Meshes/SM_Table_1A.uasset" 616
"../../../../../UEPROJECTS/Chaos_2/Content/Isometric-Interiors/Meshes/SM_Stool_3A.uasset" 617
"../../../../../UEPROJECTS/Chaos_2/Content/Isometric-Interiors/Meshes/SM_Paint_7.uasset" 618
"../../../../../UEPROJECTS/Chaos_2/Content/Isometric-Interiors/Meshes/SM_Paint_2.uasset" 619
"../../../../../UEPROJECTS/Chaos_2/Content/Isometric-Interiors/Meshes/SM_Lamp_night_1B.uasset" 620
"../../../../../UEPROJECTS/Chaos_2/Content/Isometric-Interiors/Meshes/SM_Floor_2B.uasset" 621
"../../../../../UEPROJECTS/Chaos_2/Content/Isometric-Interiors/Meshes/SM_Bed_1A.uasset" 622
"../../../../../UEPROJECTS/Chaos_2/Content/FirstPersonBP/Maps/Level2_BuiltData.uasset" 623
"../../../../../UEPROJECTS/Chaos_2/Content/FirstPersonBP/Maps/Level2.umap" 624
"../../../../../UEPROJECTS/Chaos_2/Content/FirstPersonBP/Blueprints/Widgets/BossHealth.uasset" 625
"../../../../../UEPROJECTS/Chaos_2/Content/Isometric-Interiors/Meshes/SM_Door_1A.uasset" 626
"../../../../../UEPROJECTS/Chaos_2/Content/FirstPersonBP/Blueprints/Wall.uasset" 627
"../../../../../UEPROJECTS/Chaos_2/Content/FirstPerson/Textures/FirstPersonCrosshair.uasset" 628
"../../../../../UEPROJECTS/Chaos_2/Content/FirstPersonBP/Blueprints/FirstPersonHUD.uasset" 629
"../../../../../UEPROJECTS/Chaos_2/Content/FirstPersonBP/Blueprints/Widgets/EndGame.uasset" 630
"../../Plugins/FX/Niagara/Content/Enums/ENiagaraSystemInactiveMode.uasset" 631
"../../Plugins/FX/Niagara/Content/Enums/ENiagaraScaleColorMode.uasset" 632
"../../Plugins/FX/Niagara/Content/Enums/ENiagaraRandomnessMode.uasset" 633
"../../Plugins/FX/Niagara/Content/Enums/ENiagaraRandomnessEvaluation.uasset" 634
"../../Plugins/FX/Niagara/Content/Enums/ENiagaraOrientationAxis.uasset" 635
"../../Plugins/FX/Niagara/Content/Enums/ENiagaraInactiveMode.uasset" 636
"../../Plugins/FX/Niagara/Content/Enums/ENiagaraEmitterScalabilityMode_Limited.uasset" 637
"../../Plugins/FX/Niagara/Content/Enums/ENiagaraEmitterLifeCycleMode.uasset" 638
"../../Plugins/FX/Niagara/Content/Enums/ENiagaraCoordinateSpace.uasset" 639
"../../Plugins/FX/Niagara/Content/Enums/ENiagaraChannelCorrelation.uasset" 640
"../../Plugins/FX/Niagara/Content/Enums/ENiagara_UVFlippingMode.uasset" 641
"../../Plugins/FX/Niagara/Content/Enums/ENiagara_SpriteRotationMode.uasset" 642
"../../Plugins/FX/Niagara/Content/Enums/ENiagara_SizeScaleMode.uasset" 643
"../../Plugins/FX/Niagara/Content/Enums/ENiagara_PositionInitializationMode.uasset" 644
"../../Plugins/FX/Niagara/Content/Enums/ENiagara_MassInitializationMode.uasset" 645
"../../Plugins/FX/Niagara/Content/Enums/ENiagara_LifetimeMode.uasset" 646
"../../Plugins/FX/Niagara/Content/Enums/ENiagara_InfiniteLoopDuration.uasset" 647
"../../Plugins/FX/Niagara/Content/Enums/ENiagara_ColorInitializationMode.uasset" 648
"../../Plugins/FX/Niagara/Content/Modules/Update/Size/ScaleSpriteSize.uasset" 649
"../../Plugins/FX/Niagara/Content/Modules/Update/Material/DynamicMaterialParameters.uasset" 650
"../../Plugins/FX/Niagara/Content/Modules/Update/Lifetime/ParticleState.uasset" 651
"../../Plugins/FX/Niagara/Content/Modules/Update/Color/ScaleColor.uasset" 652
"../../Plugins/FX/Niagara/Content/Modules/Update/Color/Color.uasset" 653
"../../Plugins/FX/Niagara/Content/Functions/System/SystemChangeState.uasset" 654
"../../Plugins/FX/Niagara/Content/Enums/ENiagara_EmitterStateOptions.uasset" 655
"../../Plugins/FX/Niagara/Content/Modules/System/SystemState.uasset" 656
"../../Plugins/FX/Niagara/Content/Functions/GetRandomInfo.uasset" 657
"../../Plugins/FX/Niagara/Content/Functions/RandomRangeFloat.uasset" 658
"../../Plugins/FX/Niagara/Content/Functions/RandomUnitVector.uasset" 659
"../../Plugins/FX/Niagara/Content/Functions/RandomVector.uasset" 660
"../../Plugins/FX/Niagara/Content/Functions/Localspace/TransformBase.uasset" 661
"../../Plugins/FX/Niagara/Content/Functions/Localspace/TransformVector.uasset" 662
"../../Plugins/FX/Niagara/Content/Functions/DirectionAndLengthSafe.uasset" 663
"../../Plugins/FX/Niagara/Content/Functions/Localspace/SimulationPosition.uasset" 664
"../../Plugins/FX/Niagara/Content/Modules/Spawn/Location/CylinderLocation.uasset" 665
"../../Plugins/FX/Niagara/Content/Functions/V2/CalculateRandomRange.uasset" 666
"../../Plugins/FX/Niagara/Content/Functions/V2/CalculateRandomRangeFloat.uasset" 667
"../../Plugins/FX/Niagara/Content/Functions/LinearColor/HueShiftLinearColor.uasset" 668
"../../Plugins/FX/Niagara/Content/Functions/V2/CalculateRandomRangeInteger.uasset" 669
"../../Plugins/FX/Niagara/Content/Functions/V2/CalculateRandomBool.uasset" 670
"../../Plugins/FX/Niagara/Content/Modules/Spawn/Initialization/V2/InitializeParticle.uasset" 671
"../../Plugins/FX/Niagara/Content/Modules/Solvers/ApplyInitialForces.uasset" 672
"../../Plugins/FX/Niagara/Content/Modules/Emitter/SpawnBurst_Instantaneous.uasset" 673
"../../Plugins/FX/Niagara/Content/Functions/Emitter/EmitterChangeState.uasset" 674
"../../Plugins/FX/Niagara/Content/Enums/ENiagaraExecutionStateManagement.uasset" 675
"../../Plugins/FX/Niagara/Content/Modules/Emitter/EmitterState.uasset" 676
"../../Plugins/FX/Niagara/Content/DynamicInputs/ValueFromCurve/FloatFromCurve.uasset" 677
"../../Plugins/FX/Niagara/Content/DynamicInputs/UniformRange/V2/RandomRangeFloat.uasset" 678
"../../Plugins/FX/Niagara/Content/DynamicInputs/TypeConversions/VectorFromFloat.uasset" 679
"../../Plugins/FX/Niagara/Content/DynamicInputs/TypeConversions/Vector2DFromFloat.uasset" 680
"../../Plugins/FX/Niagara/Content/DynamicInputs/TypeConversions/MakeVector4_FromFloat.uasset" 681
"../../Plugins/FX/Niagara/Content/DynamicInputs/LinearColor/MultiplyLinearColor.uasset" 682
"../../Plugins/FX/Niagara/Content/DynamicInputs/LinearColor/LerpLinearColors.uasset" 683
"../../Plugins/FX/Niagara/Content/DynamicInputs/Add/Add_Float.uasset" 684
"../../../../../UEPROJECTS/Chaos_2/Content/FX/T_Smoke.uasset" 685
"../../../../../UEPROJECTS/Chaos_2/Content/FX/M_poof.uasset" 686
"../../../../../UEPROJECTS/Chaos_2/Content/FX/Nia_Poof.uasset" 687
"../../../../../UEPROJECTS/Chaos_2/Content/FirstPerson/Meshes/FirstPersonProjectileMaterial.uasset" 688
"../../../../../UEPROJECTS/Chaos_2/Content/FirstPerson/Meshes/FirstPersonProjectileMesh.uasset" 689
"../../../../../UEPROJECTS/Chaos_2/Content/Audios/g5.uasset" 690
"../../../../../UEPROJECTS/Chaos_2/Content/FirstPersonBP/Blueprints/FirstPersonProjectile.uasset" 691
"../../../../../UEPROJECTS/Chaos_2/Content/FirstPerson/FPWeapon/Mesh/SK_FPGun_Skeleton.uasset" 692
"../../../../../UEPROJECTS/Chaos_2/Content/FirstPerson/FPWeapon/Textures/T_FPGun_N.uasset" 693
"../../../../../UEPROJECTS/Chaos_2/Content/FirstPerson/FPWeapon/Textures/T_FPGun_M.uasset" 694
"../../../../../UEPROJECTS/Chaos_2/Content/FirstPerson/FPWeapon/Materials/MaterialLayers/T_ML_Aluminum01_N.uasset" 695
"../../../../../UEPROJECTS/Chaos_2/Content/FirstPerson/FPWeapon/Materials/MaterialLayers/T_ML_Aluminum01.uasset" 696
"../../../../../UEPROJECTS/Chaos_2/Content/FirstPerson/FPWeapon/Materials/MaterialLayers/ML_SoftMetal_UE4.uasset" 697
"../../../../../UEPROJECTS/Chaos_2/Content/FirstPerson/FPWeapon/Materials/MaterialLayers/ML_Screen.uasset" 698
"../../../../../UEPROJECTS/Chaos_2/Content/FirstPerson/FPWeapon/Materials/MaterialLayers/ML_Plastic_Shiny_Beige.uasset" 699
"../../../../../UEPROJECTS/Chaos_2/Content/FirstPerson/FPWeapon/Materials/MaterialLayers/T_ML_Rubber_Blue_01_N.uasset" 700
"../../../../../UEPROJECTS/Chaos_2/Content/FirstPerson/FPWeapon/Materials/MaterialLayers/T_ML_Rubber_Blue_01_D.uasset" 701
"../../../../../UEPROJECTS/Chaos_2/Content/FirstPerson/FPWeapon/Materials/MaterialLayers/ML_GlossyBlack_Latex_UE4.uasset" 702
"../../../Engine/Content/Functions/MaterialLayerFunctions/MatLayerBlend_Simple.uasset" 703
"../../../Engine/Content/Functions/Engine_MaterialFunctions02/Utility/BlendAngleCorrectedNormals.uasset" 704
"../../../Engine/Content/Functions/MaterialLayerFunctions/MatLayerBlend_NormalBlend.uasset" 705
"../../../../../UEPROJECTS/Chaos_2/Content/FirstPerson/FPWeapon/Materials/M_FPGun.uasset" 706
"../../../../../UEPROJECTS/Chaos_2/Content/FirstPerson/FPWeapon/Mesh/SK_FPGun.uasset" 707
"../../../../../UEPROJECTS/Chaos_2/Content/FirstPerson/Character/Mesh/SK_Mannequin_Arms_PhysicsAsset.uasset" 708
"../../../../../UEPROJECTS/Chaos_2/Content/FirstPerson/Character/Textures/UE4_Mannequin_MAT_MASKA.uasset" 709
"../../../../../UEPROJECTS/Chaos_2/Content/FirstPerson/Character/Textures/UE4_Mannequin__normals.uasset" 710
"../../../../../UEPROJECTS/Chaos_2/Content/FirstPerson/Character/Materials/MaterialLayers/T_ML_Aluminum01_N.uasset" 711
"../../../../../UEPROJECTS/Chaos_2/Content/FirstPerson/Character/Materials/MaterialLayers/T_ML_Aluminum01.uasset" 712
"../../../../../UEPROJECTS/Chaos_2/Content/FirstPerson/Character/Materials/MaterialLayers/ML_SoftMetal_UE4.uasset" 713
"../../../../../UEPROJECTS/Chaos_2/Content/FirstPerson/Character/Materials/MaterialLayers/ML_Plastic_Shiny_Beige_LOGO.uasset" 714
"../../../../../UEPROJECTS/Chaos_2/Content/FirstPerson/Character/Materials/MaterialLayers/ML_Plastic_Shiny_Beige.uasset" 715
"../../../../../UEPROJECTS/Chaos_2/Content/FirstPerson/Character/Materials/MaterialLayers/T_ML_Rubber_Blue_01_N.uasset" 716
"../../../../../UEPROJECTS/Chaos_2/Content/FirstPerson/Character/Materials/MaterialLayers/T_ML_Rubber_Blue_01_D.uasset" 717
"../../../../../UEPROJECTS/Chaos_2/Content/FirstPerson/Character/Materials/MaterialLayers/ML_GlossyBlack_Latex_UE4.uasset" 718
"../../../../../UEPROJECTS/Chaos_2/Content/FirstPerson/Character/Materials/M_UE4Man_Body.uasset" 719
"../../../../../UEPROJECTS/Chaos_2/Content/FirstPerson/Character/Mesh/SK_Mannequin_Arms_Skeleton.uasset" 720
"../../../../../UEPROJECTS/Chaos_2/Content/FirstPerson/Character/Mesh/SK_Mannequin_Arms.uasset" 721
"../../../../../UEPROJECTS/Chaos_2/Content/FirstPerson/Audio/FirstPersonTemplateWeaponFire02.uasset" 722
"../../../../../UEPROJECTS/Chaos_2/Content/FirstPerson/Animations/FirstPerson_Run.uasset" 723
"../../../../../UEPROJECTS/Chaos_2/Content/FirstPerson/Animations/FirstPerson_JumpStart.uasset" 724
"../../../../../UEPROJECTS/Chaos_2/Content/FirstPerson/Animations/FirstPerson_JumpLoop.uasset" 725
"../../../../../UEPROJECTS/Chaos_2/Content/FirstPerson/Animations/FirstPerson_JumpEnd.uasset" 726
"../../../../../UEPROJECTS/Chaos_2/Content/FirstPerson/Animations/FirstPerson_Idle.uasset" 727
"../../../../../UEPROJECTS/Chaos_2/Content/FirstPerson/Animations/FirstPerson_AnimBP.uasset" 728
"../../../../../UEPROJECTS/Chaos_2/Content/FirstPerson/Animations/FirstPerson_Fire.uasset" 729
"../../../../../UEPROJECTS/Chaos_2/Content/FirstPerson/Animations/FirstPersonFire_Montage.uasset" 730
"../../../../../UEPROJECTS/Chaos_2/Content/FirstPersonBP/Blueprints/FirstPersonCharacter.uasset" 731
"../../../../../UEPROJECTS/Chaos_2/Content/FirstPersonBP/Blueprints/FirstPersonGameMode.uasset" 732
"../../../../../UEPROJECTS/Chaos_2/Content/Isometric-Interiors/Meshes/SM_Wall_1_9.uasset" 733
"../../../../../UEPROJECTS/Chaos_2/Content/Isometric-Interiors/Meshes/SM_Wall_1_6.uasset" 734
"../../../../../UEPROJECTS/Chaos_2/Content/Isometric-Interiors/Meshes/SM_Wall_1_5.uasset" 735
"../../../../../UEPROJECTS/Chaos_2/Content/Isometric-Interiors/Meshes/SM_Wall_1_4.uasset" 736
"../../../../../UEPROJECTS/Chaos_2/Content/Isometric-Interiors/Meshes/SM_Wall_1_3.uasset" 737
"../../../../../UEPROJECTS/Chaos_2/Content/Isometric-Interiors/Meshes/SM_Wall_1_2.uasset" 738
"../../../../../UEPROJECTS/Chaos_2/Content/Isometric-Interiors/Meshes/SM_Wall_1_17.uasset" 739
"../../../../../UEPROJECTS/Chaos_2/Content/Isometric-Interiors/Meshes/SM_Wall_1_16.uasset" 740
"../../../../../UEPROJECTS/Chaos_2/Content/Isometric-Interiors/Meshes/SM_Wall_1_15.uasset" 741
"../../../../../UEPROJECTS/Chaos_2/Content/Isometric-Interiors/Meshes/SM_Wall_1_14.uasset" 742
"../../../../../UEPROJECTS/Chaos_2/Content/Isometric-Interiors/Meshes/SM_Wall_1_12.uasset" 743
"../../../../../UEPROJECTS/Chaos_2/Content/Isometric-Interiors/Meshes/SM_Wall_1_1.uasset" 744
"../../../Engine/Content/EngineSky/T_Sky_Stars.uasset" 745
"../../../Engine/Content/EngineSky/T_Sky_Clouds_M.uasset" 746
"../../../Engine/Content/EngineSky/T_Sky_Blue.uasset" 747
"../../../Engine/Content/EngineSky/M_Sky_Panning_Clouds2.uasset" 748
"../../../../../UEPROJECTS/Chaos_2/Content/FirstPersonBP/Maps/MainMap_BuiltData.uasset" 749
"../../../../../UEPROJECTS/Chaos_2/Content/Isometric-Interiors/Meshes/SM_Wall_1_11.uasset" 750
"../../../Engine/Content/EngineSky/SM_SkySphere.uasset" 751
"../../../Engine/Content/EngineSky/C_Sky_Zenith_Color.uasset" 752
"../../../Engine/Content/EngineSky/C_Sky_Horizon_Color.uasset" 753
"../../../Engine/Content/EngineSky/C_Sky_Cloud_Color.uasset" 754
"../../../Engine/Content/EngineSky/BP_Sky_Sphere.uasset" 755
"../../../../../UEPROJECTS/Chaos_2/Content/Audios/bg1.uasset" 756
"../../../../../UEPROJECTS/Chaos_2/Content/Audios/NewSoundCue.uasset" 757
"../../../../../UEPROJECTS/Chaos_2/Content/Audios/g1.uasset" 758
"../../../../../UEPROJECTS/Chaos_2/Content/FirstPersonBP/Maps/MainMap.umap" 759
"../../../Engine/Content/Maps/Entry_BuiltData.uasset" 760
"../../../Engine/Content/Maps/Entry.umap" 761
